(15:00:07,688) SeleniumWebDriverUtils : INFO  - Operating system running the test is : Windows 10
(15:00:07,691) SeleniumWebDriverUtils : INFO  - Where the file is: C:\Projects\GUI-SeleniumAndCucumber\drivers\windows\chromedriver_win32\chromedriver.exe
(15:00:07,692) CommonBase : INFO  - SETUP DETAILS:
(15:00:07,694) CommonBase : INFO  - TEST ENVIRONMENT === TEST
(15:00:07,694) CommonBase : INFO  - URL ================ https://www.seleniumhq.org/
(15:00:07,695) CommonBase : INFO  - BROWSER TYPE ======= Chrome
(15:00:07,695) CommonBase : INFO  - REMOTE EXECUTION === false
(15:00:07,758) CommonBase : INFO  - REPORT LOCATION ==== C:\Projects\GUI-SeleniumAndCucumber\reports\Selenium_Download_Validation\Execution_20180720030006
(15:00:07,758) CommonBase : INFO  - Setup completed successfully
(15:00:07,763) SeleniumWebDriverUtils : INFO  - chrome.exe process being closed
(15:00:18,791) SeleniumWebDriverUtils : INFO  - Done selecting Browser
(15:00:18,791) SeleniumWebDriverUtils : INFO  - Selenium driver started
(15:00:18,868) SeleniumWebDriverUtils : INFO  - The xpath element (//div[@id='mainContent']/h2)[1] found on the page
(15:00:18,903) ValidationLogsAndCreateScreenshots : INFO  - ***VALIDATION SUCCESS*** Validate Selenium Home Page || Expected = What is Selenium? AND Actual = What is Selenium?
(15:00:19,315) SeleniumWebDriverUtils : INFO  - The linktext element Download found on the page
(15:00:20,306) SeleniumWebDriverUtils : INFO  - Successfully clicked on element Download with attribute type linktext
(15:00:20,371) SeleniumWebDriverUtils : INFO  - The xpath element (//div[@id='mainContent']/h2)[1] found on the page
(15:00:20,567) ValidationLogsAndCreateScreenshots : INFO  - ***VALIDATION SUCCESS*** Validate Selenium Downloads Page || Expected = Downloads AND Actual = Downloads
(15:00:22,356) SeleniumWebDriverUtils : INFO  - chrome.exe process being closed
(15:00:23,527) SeleniumWebDriverUtils : INFO  - Driver shutting down
